<?xml version="1.0" encoding="UTF-8"?>
<!-- Generated by org.testng.reporters.JUnitReportReporter -->
<testsuite hostname="MacBook-Pro-4.local" failures="0" tests="1" name="orangeHRM.FundamentalTests" time="17.219" errors="0" timestamp="2025-09-10T14:57:40 EEST" skipped="0">
  <testcase classname="orangeHRM.FundamentalTests" name="loginAddUserAndEmployee" time="17.219"/>
</testsuite> <!-- orangeHRM.FundamentalTests -->
