<?xml version="1.0" encoding="UTF-8"?>
<!-- Generated by org.testng.reporters.JUnitReportReporter -->
<testsuite hostname="MacBook-Pro-4.local" failures="0" tests="1" name="orangeHRM.FundamentalTests" time="28.022" errors="0" timestamp="2025-09-15T16:18:36 EEST" skipped="0">
  <testcase classname="orangeHRM.FundamentalTests" name="loginAddUserAndEmployee" time="28.022"/>
</testsuite> <!-- orangeHRM.FundamentalTests -->
