<?xml version="1.0" encoding="UTF-8"?>
<!-- Generated by org.testng.reporters.JUnitReportReporter -->
<testsuite hostname="MacBook-Pro-4.local" failures="0" tests="1" name="testBooking.sampleTestBooking" time="20.779" errors="0" timestamp="2025-08-19T19:14:00 EEST" skipped="0">
  <testcase classname="testBooking.sampleTestBooking" name="test1" time="20.779"/>
</testsuite> <!-- testBooking.sampleTestBooking -->
