<?xml version="1.0" encoding="UTF-8"?>
<!-- Generated by org.testng.reporters.JUnitReportReporter -->
<testsuite hostname="MacBook-Pro-4.local" failures="0" tests="1" name="orangeHRM.FundamentalTests" time="29.951" errors="0" timestamp="2025-09-15T15:43:49 EEST" skipped="0">
  <testcase classname="orangeHRM.FundamentalTests" name="loginAddUserAndEmployee" time="29.951"/>
</testsuite> <!-- orangeHRM.FundamentalTests -->
