<?xml version="1.0" encoding="UTF-8"?>
<!-- Generated by org.testng.reporters.JUnitReportReporter -->
<testsuite hostname="MacBook-Pro-4.local" failures="0" tests="1" name="testBooking.sampleTestBooking" time="39.995" errors="0" timestamp="2025-08-26T16:27:26 EEST" skipped="0">
  <testcase classname="testBooking.sampleTestBooking" name="test1" time="39.995"/>
</testsuite> <!-- testBooking.sampleTestBooking -->
